[INFO] Running: ptquat exp kappa-fit --results results/revision_baseline_sixmodels_12000/ptq-nu_gauss --prefix kappa_profile_cos --eps-norm cos --bootstrap 2000 --seed 1234
{
  "prefix": "kappa_profile_cos",
  "eps_norm": "cos",
  "A": -0.0014392973169640663,
  "B": 0.035857717234323495,
  "R2": 0.007996094097751927,
  "N": 13,
  "epsilon_fit": 0.15514831461431441,
  "epsilon_cos": 1.47,
  "scale_fit_to_cos": 1.0,
  "eta_hat": -0.0014392973169640663,
  "B_cos": 0.035857717234323495,
  "binned_csv": "results/revision_baseline_sixmodels_12000/ptq-nu_gauss/kappa_profile_cos_binned.csv"
}
{
  "prefix": "kappa_profile_cos",
  "eps_norm": "cos",
  "epsilon_fit": 0.15514831461431441,
  "epsilon_cos": 1.47,
  "scale_fit_to_cos": 1.0,
  "n_boot": 2000,
  "seed": 1234,
  "A": {
    "p16": -0.005288332729539047,
    "p50": -0.0008848158506771113,
    "p84": 0.004990648149688293
  },
  "B": {
    "p16": 0.03249231462194329,
    "p50": 0.034759950992656094,
    "p84": 0.03755828041189996
  },
  "eta_hat": {
    "p16": -0.005288332729539047,
    "p50": -0.0008848158506771113,
    "p84": 0.004990648149688293
  },
  "B_cos": {
    "p16": 0.03249231462194329,
    "p50": 0.034759950992656094,
    "p84": 0.03755828041189996
  },
  "per_point_csv": "results/revision_baseline_sixmodels_12000/ptq-nu_gauss/kappa_profile_cos_per_point.csv"
}
